<?xml version="1.0" encoding="UTF-8" ?>
<testsuite failures="0" time="0.007" errors="0" skipped="0" tests="1" name="com.sabre.sabresonic.mockserver.frg.xpath.XPathUtilTest">
  <properties>
    <property name="java.runtime.name" value="Java(TM) SE Runtime Environment"/>
    <property name="sun.boot.library.path" value="C:\Program Files\Java\jdk1.7.0_51\jre\bin"/>
    <property name="java.vm.version" value="24.51-b03"/>
    <property name="java.vm.vendor" value="Oracle Corporation"/>
    <property name="java.vendor.url" value="http://java.oracle.com/"/>
    <property name="path.separator" value=";"/>
    <property name="guice.disable.misplaced.annotation.check" value="true"/>
    <property name="java.vm.name" value="Java HotSpot(TM) 64-Bit Server VM"/>
    <property name="file.encoding.pkg" value="sun.io"/>
    <property name="user.script" value=""/>
    <property name="user.country" value="US"/>
    <property name="sun.java.launcher" value="SUN_STANDARD"/>
    <property name="sun.os.patch.level" value="Service Pack 1"/>
    <property name="java.vm.specification.name" value="Java Virtual Machine Specification"/>
    <property name="user.dir" value="C:\development\code\MockServer\core"/>
    <property name="java.runtime.version" value="1.7.0_51-b13"/>
    <property name="java.awt.graphicsenv" value="sun.awt.Win32GraphicsEnvironment"/>
    <property name="basedir" value="C:\development\code\MockServer\core"/>
    <property name="java.endorsed.dirs" value="C:\Program Files\Java\jdk1.7.0_51\jre\lib\endorsed"/>
    <property name="os.arch" value="amd64"/>
    <property name="java.io.tmpdir" value="C:\Users\SG0962~1\AppData\Local\Temp\"/>
    <property name="line.separator" value="
"/>
    <property name="java.vm.specification.vendor" value="Oracle Corporation"/>
    <property name="user.variant" value=""/>
    <property name="os.name" value="Windows 7"/>
    <property name="classworlds.conf" value="C:\development\tools\apache-maven-3.1.1\bin\..\bin\m2.conf"/>
    <property name="sun.jnu.encoding" value="Cp1252"/>
    <property name="java.library.path" value="C:\Program Files\Java\jdk1.7.0_51\bin;C:\Windows\Sun\Java\bin;C:\Windows\system32;C:\Windows;C:\Windows\system32;C:\Windows;C:\Windows\System32\Wbem;C:\Windows\System32\WindowsPowerShell\v1.0\;C:\Program Files\TortoiseSVN\bin;C:\development\tools\apache-maven-3.1.1\bin;C:\Program Files (x86)\Common Files\HP\Digital Imaging\bin;C:\Program Files (x86)\HP\Digital Imaging\bin\;C:\Program Files (x86)\HP\Digital Imaging\bin\Qt\Qt 4.3.3;C:\Program Files\Java\jdk1.7.0_51\bin;C:\Program Files (x86)\Puppet Labs\Puppet Enterprise\bin;C:\Program Files (x86)\CloudFoundry;."/>
    <property name="surefire.test.class.path" value="C:\development\code\MockServer\core\target\test-classes;C:\development\code\MockServer\core\target\classes;C:\Users\sg0962671\.m2\repository\javax\servlet\servlet-api\2.5\servlet-api-2.5.jar;C:\Users\sg0962671\.m2\repository\org\springframework\spring-context\3.1.1.RELEASE\spring-context-3.1.1.RELEASE.jar;C:\Users\sg0962671\.m2\repository\org\springframework\spring-aop\3.1.1.RELEASE\spring-aop-3.1.1.RELEASE.jar;C:\Users\sg0962671\.m2\repository\org\springframework\spring-beans\3.1.1.RELEASE\spring-beans-3.1.1.RELEASE.jar;C:\Users\sg0962671\.m2\repository\org\springframework\spring-core\3.1.1.RELEASE\spring-core-3.1.1.RELEASE.jar;C:\Users\sg0962671\.m2\repository\org\springframework\spring-expression\3.1.1.RELEASE\spring-expression-3.1.1.RELEASE.jar;C:\Users\sg0962671\.m2\repository\org\springframework\spring-asm\3.1.1.RELEASE\spring-asm-3.1.1.RELEASE.jar;C:\Users\sg0962671\.m2\repository\org\springframework\spring-web\3.1.1.RELEASE\spring-web-3.1.1.RELEASE.jar;C:\Users\sg0962671\.m2\repository\aopalliance\aopalliance\1.0\aopalliance-1.0.jar;C:\Users\sg0962671\.m2\repository\org\springframework\spring-mock\2.0.8\spring-mock-2.0.8.jar;C:\Users\sg0962671\.m2\repository\commons-logging\commons-logging\1.1\commons-logging-1.1.jar;C:\Users\sg0962671\.m2\repository\logkit\logkit\1.0.1\logkit-1.0.1.jar;C:\Users\sg0962671\.m2\repository\avalon-framework\avalon-framework\4.1.3\avalon-framework-4.1.3.jar;C:\Users\sg0962671\.m2\repository\org\codehaus\groovy\groovy-all\1.8.6\groovy-all-1.8.6.jar;C:\Users\sg0962671\.m2\repository\org\freemarker\freemarker\2.3.19\freemarker-2.3.19.jar;C:\Users\sg0962671\.m2\repository\commons-io\commons-io\2.4\commons-io-2.4.jar;C:\Users\sg0962671\.m2\repository\commons-jxpath\commons-jxpath\1.3\commons-jxpath-1.3.jar;C:\Users\sg0962671\.m2\repository\commons-configuration\commons-configuration\1.9\commons-configuration-1.9.jar;C:\Users\sg0962671\.m2\repository\commons-lang\commons-lang\2.6\commons-lang-2.6.jar;C:\Users\sg0962671\.m2\repository\org\apache\httpcomponents\httpclient\4.2.5\httpclient-4.2.5.jar;C:\Users\sg0962671\.m2\repository\org\apache\httpcomponents\httpcore\4.2.4\httpcore-4.2.4.jar;C:\Users\sg0962671\.m2\repository\commons-codec\commons-codec\1.6\commons-codec-1.6.jar;C:\Users\sg0962671\.m2\repository\org\apache\commons\commons-lang3\3.1\commons-lang3-3.1.jar;C:\Users\sg0962671\.m2\repository\ognl\ognl\3.0.6\ognl-3.0.6.jar;C:\Users\sg0962671\.m2\repository\javassist\javassist\3.11.0.GA\javassist-3.11.0.GA.jar;C:\Users\sg0962671\.m2\repository\com\thoughtworks\xstream\xstream\1.4.4\xstream-1.4.4.jar;C:\Users\sg0962671\.m2\repository\xmlpull\xmlpull\1.1.3.1\xmlpull-1.1.3.1.jar;C:\Users\sg0962671\.m2\repository\xpp3\xpp3_min\1.1.4c\xpp3_min-1.1.4c.jar;C:\Users\sg0962671\.m2\repository\org\slf4j\slf4j-api\1.7.5\slf4j-api-1.7.5.jar;C:\Users\sg0962671\.m2\repository\com\jayway\jsonpath\json-path\0.8.1\json-path-0.8.1.jar;C:\Users\sg0962671\.m2\repository\net\minidev\json-smart\1.1.1\json-smart-1.1.1.jar;C:\Users\sg0962671\.m2\repository\org\springframework\spring-test\3.1.1.RELEASE\spring-test-3.1.1.RELEASE.jar;C:\Users\sg0962671\.m2\repository\junit\junit\4.11\junit-4.11.jar;C:\Users\sg0962671\.m2\repository\org\hamcrest\hamcrest-core\1.3\hamcrest-core-1.3.jar;C:\Users\sg0962671\.m2\repository\xmlunit\xmlunit\1.3\xmlunit-1.3.jar;C:\Users\sg0962671\.m2\repository\org\slf4j\slf4j-simple\1.7.5\slf4j-simple-1.7.5.jar;C:\development\code\MockServer\test-comparator\target\test-comparator-1.2.2-SNAPSHOT.jar;C:\Users\sg0962671\.m2\repository\log4j\log4j\1.2.16\log4j-1.2.16.jar;C:\Users\sg0962671\.m2\repository\org\slf4j\slf4j-log4j12\1.6.1\slf4j-log4j12-1.6.1.jar;C:\Users\sg0962671\.m2\repository\com\sabre\ice\ice-core\12.3.2-SNAPSHOT\ice-core-12.3.2-SNAPSHOT.jar;C:\Users\sg0962671\.m2\repository\com\sabre\messaging\sems\1.4.7\sems-1.4.7.jar;C:\Users\sg0962671\.m2\repository\org\osgi\org.osgi.core\4.2.0\org.osgi.core-4.2.0.jar;C:\Users\sg0962671\.m2\repository\javax\jms\jms\1.1\jms-1.1.jar;C:\Users\sg0962671\.m2\repository\com\ibm\com.ibm.mq\7.5.0.0\com.ibm.mq-7.5.0.0.jar;C:\Users\sg0962671\.m2\repository\com\ibm\com.ibm.mqjms\7.5.0.0\com.ibm.mqjms-7.5.0.0.jar;C:\Users\sg0962671\.m2\repository\com\ibm\com.ibm.dhbcore\7.5.0.0\com.ibm.dhbcore-7.5.0.0.jar;C:\Users\sg0962671\.m2\repository\com\ibm\com.ibm.mq.jmqi\7.5.0.0\com.ibm.mq.jmqi-7.5.0.0.jar;C:\Users\sg0962671\.m2\repository\com\ibm\com.ibm.mq.headers\7.5.0.0\com.ibm.mq.headers-7.5.0.0.jar;C:\Users\sg0962671\.m2\repository\javax\transaction\jta\1.1\jta-1.1.jar;C:\Users\sg0962671\.m2\repository\org\osgi\osgi_R4_core\1.0\osgi_R4_core-1.0.jar;C:\Users\sg0962671\.m2\repository\javax\resource\connector\1.0\connector-1.0.jar;C:\Users\sg0962671\.m2\repository\org\apache\jcs\jcs\1.3\jcs-1.3.jar;C:\Users\sg0962671\.m2\repository\concurrent\concurrent\1.3.2\concurrent-1.3.2.jar;C:\Users\sg0962671\.m2\repository\org\jacorb\jacorb\2.3.0\jacorb-2.3.0-P6.jar;C:\Users\sg0962671\.m2\repository\antlr\antlr\2.7.2\antlr-2.7.2.jar;C:\Users\sg0962671\.m2\repository\org\jacorb\jacorb-idl\2.3.0\jacorb-idl-2.3.0-P6.jar;C:\Users\sg0962671\.m2\repository\com\tibco\tibjms\4.4.3\tibjms-4.4.3.jar;C:\Users\sg0962671\.m2\repository\javax\xml\bind\jaxb-api\2.0\jaxb-api-2.0.jar;C:\Users\sg0962671\.m2\repository\javax\xml\bind\jsr173_api\1.0\jsr173_api-1.0.jar;C:\Users\sg0962671\.m2\repository\com\sun\xml\bind\jaxb-impl\2.0.1\jaxb-impl-2.0.1.jar;C:\Users\sg0962671\.m2\repository\javax\xml\stream\stax-api\1.0-2\stax-api-1.0-2.jar;C:\Users\sg0962671\.m2\repository\javax\activation\activation\1.1\activation-1.1.jar;C:\Users\sg0962671\.m2\repository\com\sabre\ssweb2\s3c\1.0-SNAPSHOT\s3c-1.0-SNAPSHOT.jar;C:\Users\sg0962671\.m2\repository\net\sf\ehcache\ehcache-core\2.3.2\ehcache-core-2.3.2.jar;C:\Users\sg0962671\.m2\repository\com\googlecode\ehcache-spring-annotations\ehcache-spring-annotations\1.2.0\ehcache-spring-annotations-1.2.0.jar;C:\Users\sg0962671\.m2\repository\com\google\guava\guava\r09\guava-r09.jar;C:\Users\sg0962671\.m2\repository\org\springframework\org.springframework.aop\3.1.2.RELEASE\org.springframework.aop-3.1.2.RELEASE.jar;C:\Users\sg0962671\.m2\repository\org\aopalliance\com.springsource.org.aopalliance\1.0.0\com.springsource.org.aopalliance-1.0.0.jar;C:\Users\sg0962671\.m2\repository\org\springframework\org.springframework.beans\3.1.2.RELEASE\org.springframework.beans-3.1.2.RELEASE.jar;C:\Users\sg0962671\.m2\repository\org\springframework\org.springframework.asm\3.1.2.RELEASE\org.springframework.asm-3.1.2.RELEASE.jar;C:\Users\sg0962671\.m2\repository\org\springframework\org.springframework.core\3.1.2.RELEASE\org.springframework.core-3.1.2.RELEASE.jar;C:\Users\sg0962671\.m2\repository\com\sabre\ssweb2\elogging4j\1.0-WL-SNAPSHOT\elogging4j-1.0-WL-SNAPSHOT.jar;C:\Users\sg0962671\.m2\repository\com\eb2\core\eb2-common-mos\1.0-WL-SNAPSHOT\eb2-common-mos-1.0-WL-SNAPSHOT.jar;C:\Users\sg0962671\.m2\repository\travelocity\elogging\1.19\elogging-1.19.jar;C:\Users\sg0962671\.m2\repository\org\testng\testng\6.5.2\testng-6.5.2.jar;C:\Users\sg0962671\.m2\repository\org\beanshell\bsh\2.0b4\bsh-2.0b4.jar;C:\Users\sg0962671\.m2\repository\com\beust\jcommander\1.12\jcommander-1.12.jar;C:\Users\sg0962671\.m2\repository\org\yaml\snakeyaml\1.6\snakeyaml-1.6.jar;C:\Users\sg0962671\.m2\repository\com\sabre\ssweb2\mockserver\fake-response-generator\0.2-SNAPSHOT\fake-response-generator-0.2-SNAPSHOT.jar;C:\Users\sg0962671\.m2\repository\org\apache\maven\surefire\surefire-testng-utils\2.10\surefire-testng-utils-2.10.jar;"/>
    <property name="java.specification.name" value="Java Platform API Specification"/>
    <property name="java.class.version" value="51.0"/>
    <property name="sun.management.compiler" value="HotSpot 64-Bit Tiered Compilers"/>
    <property name="os.version" value="6.1"/>
    <property name="user.home" value="C:\Users\sg0962671"/>
    <property name="user.timezone" value="America/Chicago"/>
    <property name="java.awt.printerjob" value="sun.awt.windows.WPrinterJob"/>
    <property name="java.specification.version" value="1.7"/>
    <property name="file.encoding" value="Cp1252"/>
    <property name="user.name" value="SG0962671"/>
    <property name="java.class.path" value="C:\development\tools\apache-maven-3.1.1\bin\..\boot\plexus-classworlds-2.5.1.jar"/>
    <property name="org.slf4j.simpleLogger.defaultLogLevel" value="info"/>
    <property name="java.vm.specification.version" value="1.7"/>
    <property name="sun.arch.data.model" value="64"/>
    <property name="java.home" value="C:\Program Files\Java\jdk1.7.0_51\jre"/>
    <property name="sun.java.command" value="org.codehaus.plexus.classworlds.launcher.Launcher clean install"/>
    <property name="java.specification.vendor" value="Oracle Corporation"/>
    <property name="user.language" value="en"/>
    <property name="awt.toolkit" value="sun.awt.windows.WToolkit"/>
    <property name="java.vm.info" value="mixed mode"/>
    <property name="java.version" value="1.7.0_51"/>
    <property name="java.ext.dirs" value="C:\Program Files\Java\jdk1.7.0_51\jre\lib\ext;C:\Windows\Sun\Java\lib\ext"/>
    <property name="sun.boot.class.path" value="C:\Program Files\Java\jdk1.7.0_51\jre\lib\resources.jar;C:\Program Files\Java\jdk1.7.0_51\jre\lib\rt.jar;C:\Program Files\Java\jdk1.7.0_51\jre\lib\sunrsasign.jar;C:\Program Files\Java\jdk1.7.0_51\jre\lib\jsse.jar;C:\Program Files\Java\jdk1.7.0_51\jre\lib\jce.jar;C:\Program Files\Java\jdk1.7.0_51\jre\lib\charsets.jar;C:\Program Files\Java\jdk1.7.0_51\jre\lib\jfr.jar;C:\Program Files\Java\jdk1.7.0_51\jre\classes"/>
    <property name="java.vendor" value="Oracle Corporation"/>
    <property name="maven.home" value="C:\development\tools\apache-maven-3.1.1\bin\.."/>
    <property name="localRepository" value="C:\Users\sg0962671\.m2\repository"/>
    <property name="file.separator" value="\"/>
    <property name="java.vendor.url.bug" value="http://bugreport.sun.com/bugreport/"/>
    <property name="sun.cpu.endian" value="little"/>
    <property name="sun.io.unicode.encoding" value="UnicodeLittle"/>
    <property name="sun.desktop" value="windows"/>
    <property name="sun.cpu.isalist" value="amd64"/>
  </properties>
  <testcase time="0.007" classname="com.sabre.sabresonic.mockserver.frg.xpath.XPathUtilTest" name="xPathQueryTest"/>
</testsuite>