<?xml version="1.0" encoding="UTF-8"?>
<!-- Generated by org.testng.reporters.JUnitReportReporter -->
<testsuite hostname="H9470304632405" name="fileManagers.MainFileManagerTest" tests="1" failures="0" timestamp="9 Sep 2014 18:45:27 GMT" time="0.232" errors="0">
  <testcase name="testSanitize" time="0.232" classname="fileManagers.MainFileManagerTest"/>
</testsuite> <!-- fileManagers.MainFileManagerTest -->
